<?xml version="1.0" encoding="UTF-8"?>
<testsuite name="dominio.unitaria.VendedorTest" tests="2" skipped="0" failures="0" errors="0" timestamp="2019-06-01T19:53:06" hostname="DCA-HP-01" time="0.196">
  <properties/>
  <testcase name="productoNoTieneGarantiaTest" classname="dominio.unitaria.VendedorTest" time="0.195"/>
  <testcase name="productoYaTieneGarantiaTest" classname="dominio.unitaria.VendedorTest" time="0.001"/>
  <system-out><![CDATA[]]></system-out>
  <system-err><![CDATA[]]></system-err>
</testsuite>
